<?xml version="1.0" encoding="utf-8"?><testsuites><testsuite name="pytest" errors="0" failures="0" skipped="5" tests="53" time="19.713" timestamp="2020-10-12T19:25:53.271967" hostname="ORONAI"><testcase classname="tests.test_auto_solution_solver.TestAutoSolutionSolver" name="test_solve_solution_with_identical_code" time="0.527" /><testcase classname="tests.test_auto_solution_solver.TestAutoSolutionSolver" name="test_solve_solution_with_identical_code_not_identical_code" time="0.380" /><testcase classname="tests.test_auto_solution_solver.TestAutoSolutionSolver" name="test_check_if_other_solutions_can_be_solved" time="0.506" /><testcase classname="tests.test_auto_solution_solver.TestAutoSolutionSolver" name="test_check_if_other_solutions_can_be_solved_not_identical_code" time="0.378" /><testcase classname="tests.test_config_migrator.TestConfigMigrator" name="test_config_migration" time="0.023" /><testcase classname="tests.test_css_linter.TestCSSLinter" name="test_invalid_solution" time="0.000"><skipped type="pytest.skip" message="should run with VNU linter in path. see VNULinter class for more information">/mnt/c/Users/Or Ronai/lms/lms/tests/test_css_linter.py:28: should run with VNU linter in path. see VNULinter class for more information</skipped></testcase><testcase classname="tests.test_css_linter.TestCSSLinter" name="test_valid_solution" time="0.000"><skipped type="pytest.skip" message="should run with VNU linter in path. see VNULinter class for more information">/mnt/c/Users/Or Ronai/lms/lms/tests/test_css_linter.py:39: should run with VNU linter in path. see VNULinter class for more information</skipped></testcase><testcase classname="tests.test_download_file.TestDownloadSolution" name="test_bad_download_id" time="0.297" /><testcase classname="tests.test_download_file.TestDownloadSolution" name="test_download_solution" time="0.238" /><testcase classname="tests.test_exercise_unit_tests.TestUTForExercise" name="test_check_solution_with_exercise_process_stub" time="0.490" /><testcase classname="tests.test_exercise_unit_tests.TestUTForExercise" name="test_check_solution_with_invalid_exercise" time="0.437" /><testcase classname="tests.test_exercise_unit_tests.TestUTForExercise" name="test_check_solution_with_exercise_ut_full_docker" time="0.000"><skipped type="pytest.skip" message="Should run with docker system access">/mnt/c/Users/Or Ronai/lms/lms/tests/test_exercise_unit_tests.py:51: Should run with docker system access</skipped></testcase><testcase classname="tests.test_exercises.TestExercise" name="test_due_date" time="0.002" /><testcase classname="tests.test_extractor.TestExtractor" name="test_notebook" time="0.021" /><testcase classname="tests.test_extractor.TestExtractor" name="test_py" time="0.015" /><testcase classname="tests.test_extractor.TestExtractor" name="test_zip_ignore_files" time="0.029" /><testcase classname="tests.test_extractor.TestExtractor" name="test_zip" time="1.165" /><testcase classname="tests.test_extractor.TestExtractor" name="test_zip_bomb" time="0.237" /><testcase classname="tests.test_flake8_linter.TestFlake8Linter" name="test_pyflake_wont_execute_code" time="0.347" /><testcase classname="tests.test_flake8_linter.TestFlake8Linter" name="test_invalid_solution" time="0.333" /><testcase classname="tests.test_flake8_linter.TestFlake8Linter" name="test_valid_solution" time="0.212" /><testcase classname="tests.test_flask_limiter.TestLimiter" name="test_limiter_login_fails" time="0.560" /><testcase classname="tests.test_flask_limiter.TestLimiter" name="test_limiter_login_refreshes" time="0.066" /><testcase classname="tests.test_flask_limiter.TestLimiter" name="test_limiter_login_success" time="0.327" /><testcase classname="tests.test_html_escaping.TestHtmlEscaping" name="test_comment_text_escaping" time="0.247" /><testcase classname="tests.test_html_linter.TestHTMLLinter" name="test_invalid_solution" time="0.000"><skipped type="pytest.skip" message="should run with VNU linter in path. see VNULinter class for more information">/mnt/c/Users/Or Ronai/lms/lms/tests/test_html_linter.py:34: should run with VNU linter in path. see VNULinter class for more information</skipped></testcase><testcase classname="tests.test_html_linter.TestHTMLLinter" name="test_valid_solution" time="0.000"><skipped type="pytest.skip" message="should run with VNU linter in path. see VNULinter class for more information">/mnt/c/Users/Or Ronai/lms/lms/tests/test_html_linter.py:46: should run with VNU linter in path. see VNULinter class for more information</skipped></testcase><testcase classname="tests.test_notes.TestNotes" name="test_notes" time="0.629" /><testcase classname="tests.test_notifications.TestNotification" name="test_get" time="0.265" /><testcase classname="tests.test_notifications.TestNotification" name="test_read" time="0.180" /><testcase classname="tests.test_notifications.TestNotification" name="test_read_related" time="0.257" /><testcase classname="tests.test_notifications.TestNotification" name="test_send" time="0.250" /><testcase classname="tests.test_notifications.TestNotification" name="test_auto_deletion" time="0.131" /><testcase classname="tests.test_notifications.TestNotification" name="test_user_commented_after_check" time="0.606" /><testcase classname="tests.test_solutions.TestSolutionDb" name="test_new_solution_override_old_solutions" time="0.134" /><testcase classname="tests.test_solutions.TestSolutionDb" name="test_next_exercise_with_cleanest_code" time="0.380" /><testcase classname="tests.test_solutions.TestSolutionBridge" name="test_mark_as_checked" time="0.376" /><testcase classname="tests.test_solutions.TestSolutionBridge" name="test_get_next_unchecked" time="0.385" /><testcase classname="tests.test_solutions.TestSolutionBridge" name="test_start_checking" time="0.251" /><testcase classname="tests.test_solutions.TestSolutionBridge" name="test_user_comments" time="0.270" /><testcase classname="tests.test_solutions.TestSolutionBridge" name="test_staff_and_user_comments" time="0.479" /><testcase classname="tests.test_solutions.TestSolutionBridge" name="test_share_solution_by_another_user" time="0.354" /><testcase classname="tests.test_solutions.TestSolutionBridge" name="test_share_solution_function" time="0.754" /><testcase classname="tests.test_solutions.TestSolutionBridge" name="test_share_with_disabled_shareable_solutions" time="0.225" /><testcase classname="tests.test_solutions.TestSolutionBridge" name="test_view_page" time="0.386" /><testcase classname="tests.test_solutions.TestSolutionBridge" name="test_strange_solution_with_no_files" time="0.461" /><testcase classname="tests.test_solutions.TestSolutionBridge" name="test_manager_can_see_solutions" time="0.364" /><testcase classname="tests.test_sql_linter.TestSQLLinter" name="test_invalid_solution" time="0.283" /><testcase classname="tests.test_sql_linter.TestSQLLinter" name="test_valid_solution" time="0.139" /><testcase classname="tests.test_users.TestUser" name="test_password_hashed_on_create" time="0.192" /><testcase classname="tests.test_users.TestUser" name="test_password_hashed_on_save" time="0.255" /><testcase classname="tests.test_users.TestUser" name="test_password_hashed_on_multiple_saves" time="0.318" /><testcase classname="tests.test_users.TestUser" name="test_view_user_page" time="0.633" /></testsuite></testsuites>